Start testing: Jun 27 16:51 EDT
----------------------------------------------------------
1/2 Testing: cadmium_dynamic_LI_test
1/2 Test: cadmium_dynamic_LI_test
Command: "/home/g/devstone/cadmium_dynamic_LI_test"
Directory: /home/g/devstone
"cadmium_dynamic_LI_test" start time: Jun 27 16:51 EDT
Output:
----------------------------------------------------------
Running 112 test cases...

*** No errors detected
<end of output>
Test time =   5.38 sec
----------------------------------------------------------
Test Passed.
"cadmium_dynamic_LI_test" end time: Jun 27 16:51 EDT
"cadmium_dynamic_LI_test" time elapsed: 00:00:05
----------------------------------------------------------

2/2 Testing: Cadmium_generator_LI_3x3
2/2 Test: Cadmium_generator_LI_3x3
Command: "/home/g/devstone/test/check_generated_LI_against_ref"
Directory: /home/g/devstone
"Cadmium_generator_LI_3x3" start time: Jun 27 16:51 EDT
Output:
----------------------------------------------------------
Generating model W:3 D:3
Simulation with params: kind: LI width: 3 depth: 3 external: 100 internal: 100 logger: default
theory atomic models created: 5
time processing arguments: 0.000122341
time constructing the models: 0.000533116
total time: 0.000655457
<end of output>
Test time =   0.00 sec
----------------------------------------------------------
Test Passed.
"Cadmium_generator_LI_3x3" end time: Jun 27 16:51 EDT
"Cadmium_generator_LI_3x3" time elapsed: 00:00:00
----------------------------------------------------------

End testing: Jun 27 16:51 EDT
